{"/Users/busfy/Documents/work/workspaces/bin/synchronizator/src/options/Preparer.js":{"path":"/Users/busfy/Documents/work/workspaces/bin/synchronizator/src/options/Preparer.js","s":{"1":1,"2":1,"3":1,"4":1,"5":1,"6":12},"b":{},"f":{"1":1,"2":12},"fnMap":{"1":{"name":"(anonymous_1)","line":8,"loc":{"start":{"line":8,"column":17},"end":{"line":9,"column":0}}},"2":{"name":"(anonymous_2)","line":34,"loc":{"start":{"line":34,"column":19},"end":{"line":35,"column":4}}}},"statementMap":{"1":{"start":{"line":1,"column":0},"end":{"line":1,"column":26}},"2":{"start":{"line":8,"column":0},"end":{"line":38,"column":2}},"3":{"start":{"line":15,"column":4},"end":{"line":15,"column":19}},"4":{"start":{"line":22,"column":4},"end":{"line":25,"column":6}},"5":{"start":{"line":34,"column":4},"end":{"line":37,"column":6}},"6":{"start":{"line":36,"column":8},"end":{"line":36,"column":61}}},"branchMap":{}}}