{"/Users/busfy/Documents/work/workspaces/bin/synchronizator/src/options/Preparer.js":{"path":"/Users/busfy/Documents/work/workspaces/bin/synchronizator/src/options/Preparer.js","s":{"1":1,"2":1,"3":1,"4":1,"5":1,"6":18},"b":{},"f":{"1":1,"2":18},"fnMap":{"1":{"name":"(anonymous_1)","line":8,"loc":{"start":{"line":8,"column":17},"end":{"line":9,"column":0}}},"2":{"name":"(anonymous_2)","line":34,"loc":{"start":{"line":34,"column":19},"end":{"line":35,"column":4}}}},"statementMap":{"1":{"start":{"line":1,"column":0},"end":{"line":1,"column":26}},"2":{"start":{"line":8,"column":0},"end":{"line":38,"column":2}},"3":{"start":{"line":15,"column":4},"end":{"line":15,"column":19}},"4":{"start":{"line":22,"column":4},"end":{"line":25,"column":6}},"5":{"start":{"line":34,"column":4},"end":{"line":37,"column":6}},"6":{"start":{"line":36,"column":8},"end":{"line":36,"column":61}}},"branchMap":{}},"/Users/busfy/Documents/work/workspaces/bin/synchronizator/src/action/Data.js":{"path":"/Users/busfy/Documents/work/workspaces/bin/synchronizator/src/action/Data.js","s":{"1":1,"2":15,"3":15,"4":15,"5":15,"6":8,"7":15,"8":8},"b":{},"f":{"1":15,"2":8,"3":8},"fnMap":{"1":{"name":"(anonymous_1)","line":6,"loc":{"start":{"line":6,"column":17},"end":{"line":7,"column":0}}},"2":{"name":"(anonymous_2)","line":35,"loc":{"start":{"line":35,"column":19},"end":{"line":36,"column":4}}},"3":{"name":"(anonymous_3)","line":45,"loc":{"start":{"line":45,"column":19},"end":{"line":46,"column":4}}}},"statementMap":{"1":{"start":{"line":6,"column":0},"end":{"line":49,"column":2}},"2":{"start":{"line":13,"column":4},"end":{"line":13,"column":19}},"3":{"start":{"line":20,"column":4},"end":{"line":20,"column":30}},"4":{"start":{"line":27,"column":4},"end":{"line":27,"column":30}},"5":{"start":{"line":35,"column":4},"end":{"line":38,"column":6}},"6":{"start":{"line":37,"column":8},"end":{"line":37,"column":26}},"7":{"start":{"line":45,"column":4},"end":{"line":48,"column":6}},"8":{"start":{"line":47,"column":8},"end":{"line":47,"column":26}}},"branchMap":{}},"/Users/busfy/Documents/work/workspaces/bin/synchronizator/src/action/Gatherer.js":{"path":"/Users/busfy/Documents/work/workspaces/bin/synchronizator/src/action/Gatherer.js","s":{"1":0,"2":0,"3":0,"4":0,"5":0,"6":0,"7":0,"8":0,"9":0,"10":0,"11":0,"12":0,"13":0},"b":{},"f":{"1":0,"2":0,"3":0},"fnMap":{"1":{"name":"(anonymous_1)","line":9,"loc":{"start":{"line":9,"column":17},"end":{"line":10,"column":0}}},"2":{"name":"(anonymous_2)","line":43,"loc":{"start":{"line":43,"column":17},"end":{"line":44,"column":4}}},"3":{"name":"(anonymous_3)","line":48,"loc":{"start":{"line":48,"column":25},"end":{"line":48,"column":41}}}},"statementMap":{"1":{"start":{"line":1,"column":0},"end":{"line":1,"column":35}},"2":{"start":{"line":2,"column":0},"end":{"line":2,"column":38}},"3":{"start":{"line":9,"column":0},"end":{"line":67,"column":2}},"4":{"start":{"line":16,"column":4},"end":{"line":16,"column":19}},"5":{"start":{"line":23,"column":4},"end":{"line":23,"column":26}},"6":{"start":{"line":30,"column":4},"end":{"line":30,"column":28}},"7":{"start":{"line":37,"column":4},"end":{"line":37,"column":36}},"8":{"start":{"line":43,"column":4},"end":{"line":64,"column":6}},"9":{"start":{"line":45,"column":8},"end":{"line":63,"column":11}},"10":{"start":{"line":49,"column":20},"end":{"line":51,"column":34}},"11":{"start":{"line":50,"column":24},"end":{"line":50,"column":64}},"12":{"start":{"line":57,"column":12},"end":{"line":62,"column":14}},"13":{"start":{"line":66,"column":4},"end":{"line":66,"column":17}}},"branchMap":{}},"/Users/busfy/Documents/work/workspaces/bin/synchronizator/src/action/Handler.js":{"path":"/Users/busfy/Documents/work/workspaces/bin/synchronizator/src/action/Handler.js","s":{"1":0,"2":0,"3":0,"4":0,"5":0,"6":0,"7":0,"8":0,"9":0,"10":0,"11":0,"12":0,"13":0,"14":0,"15":0,"16":0,"17":0,"18":0,"19":0,"20":0,"21":0,"22":0,"23":0,"24":0,"25":0,"26":0,"27":0,"28":0,"29":0,"30":0,"31":0,"32":0,"33":0,"34":0,"35":0,"36":0},"b":{"1":[0,0],"2":[0,0,0,0,0,0,0]},"f":{"1":0,"2":0,"3":0,"4":0,"5":0,"6":0},"fnMap":{"1":{"name":"(anonymous_1)","line":11,"loc":{"start":{"line":11,"column":17},"end":{"line":12,"column":0}}},"2":{"name":"(anonymous_2)","line":45,"loc":{"start":{"line":45,"column":29},"end":{"line":45,"column":40}}},"3":{"name":"(anonymous_3)","line":49,"loc":{"start":{"line":49,"column":23},"end":{"line":49,"column":34}}},"4":{"name":"(anonymous_4)","line":55,"loc":{"start":{"line":55,"column":35},"end":{"line":55,"column":46}}},"5":{"name":"(anonymous_5)","line":66,"loc":{"start":{"line":66,"column":25},"end":{"line":66,"column":56}}},"6":{"name":"(anonymous_6)","line":111,"loc":{"start":{"line":111,"column":15},"end":{"line":112,"column":4}}}},"statementMap":{"1":{"start":{"line":1,"column":0},"end":{"line":1,"column":31}},"2":{"start":{"line":2,"column":0},"end":{"line":2,"column":23}},"3":{"start":{"line":3,"column":0},"end":{"line":3,"column":35}},"4":{"start":{"line":4,"column":0},"end":{"line":4,"column":27}},"5":{"start":{"line":11,"column":0},"end":{"line":117,"column":2}},"6":{"start":{"line":18,"column":4},"end":{"line":18,"column":19}},"7":{"start":{"line":25,"column":4},"end":{"line":25,"column":26}},"8":{"start":{"line":32,"column":4},"end":{"line":32,"column":28}},"9":{"start":{"line":39,"column":4},"end":{"line":39,"column":35}},"10":{"start":{"line":45,"column":4},"end":{"line":58,"column":6}},"11":{"start":{"line":46,"column":8},"end":{"line":46,"column":51}},"12":{"start":{"line":48,"column":8},"end":{"line":53,"column":9}},"13":{"start":{"line":49,"column":12},"end":{"line":51,"column":20}},"14":{"start":{"line":50,"column":16},"end":{"line":50,"column":41}},"15":{"start":{"line":52,"column":12},"end":{"line":52,"column":19}},"16":{"start":{"line":55,"column":8},"end":{"line":57,"column":11}},"17":{"start":{"line":56,"column":12},"end":{"line":56,"column":37}},"18":{"start":{"line":66,"column":4},"end":{"line":104,"column":6}},"19":{"start":{"line":67,"column":8},"end":{"line":67,"column":85}},"20":{"start":{"line":69,"column":8},"end":{"line":103,"column":9}},"21":{"start":{"line":72,"column":16},"end":{"line":80,"column":19}},"22":{"start":{"line":79,"column":20},"end":{"line":79,"column":31}},"23":{"start":{"line":81,"column":16},"end":{"line":81,"column":22}},"24":{"start":{"line":84,"column":16},"end":{"line":86,"column":19}},"25":{"start":{"line":85,"column":20},"end":{"line":85,"column":31}},"26":{"start":{"line":87,"column":16},"end":{"line":87,"column":22}},"27":{"start":{"line":91,"column":16},"end":{"line":91,"column":27}},"28":{"start":{"line":92,"column":16},"end":{"line":92,"column":22}},"29":{"start":{"line":95,"column":16},"end":{"line":97,"column":19}},"30":{"start":{"line":96,"column":20},"end":{"line":96,"column":31}},"31":{"start":{"line":98,"column":16},"end":{"line":98,"column":22}},"32":{"start":{"line":101,"column":16},"end":{"line":101,"column":72}},"33":{"start":{"line":102,"column":16},"end":{"line":102,"column":27}},"34":{"start":{"line":111,"column":4},"end":{"line":114,"column":6}},"35":{"start":{"line":113,"column":8},"end":{"line":113,"column":47}},"36":{"start":{"line":116,"column":4},"end":{"line":116,"column":29}}},"branchMap":{"1":{"line":48,"type":"if","locations":[{"start":{"line":48,"column":8},"end":{"line":48,"column":8}},{"start":{"line":48,"column":8},"end":{"line":48,"column":8}}]},"2":{"line":69,"type":"switch","locations":[{"start":{"line":70,"column":12},"end":{"line":70,"column":23}},{"start":{"line":71,"column":12},"end":{"line":81,"column":22}},{"start":{"line":83,"column":12},"end":{"line":87,"column":22}},{"start":{"line":89,"column":12},"end":{"line":89,"column":26}},{"start":{"line":90,"column":12},"end":{"line":92,"column":22}},{"start":{"line":94,"column":12},"end":{"line":98,"column":22}},{"start":{"line":100,"column":12},"end":{"line":102,"column":27}}]}}},"/Users/busfy/Documents/work/workspaces/bin/synchronizator/src/sync/Manager.js":{"path":"/Users/busfy/Documents/work/workspaces/bin/synchronizator/src/sync/Manager.js","s":{"1":0,"2":0,"3":0,"4":0,"5":0,"6":0,"7":0,"8":0,"9":0,"10":0,"11":0,"12":0,"13":0,"14":0,"15":0,"16":0,"17":0,"18":0,"19":0,"20":0},"b":{"1":[0,0]},"f":{"1":0,"2":0,"3":0},"fnMap":{"1":{"name":"(anonymous_1)","line":9,"loc":{"start":{"line":9,"column":17},"end":{"line":10,"column":0}}},"2":{"name":"(anonymous_2)","line":45,"loc":{"start":{"line":45,"column":16},"end":{"line":46,"column":4}}},"3":{"name":"(anonymous_3)","line":68,"loc":{"start":{"line":68,"column":33},"end":{"line":69,"column":4}}}},"statementMap":{"1":{"start":{"line":1,"column":0},"end":{"line":1,"column":46}},"2":{"start":{"line":2,"column":0},"end":{"line":2,"column":32}},"3":{"start":{"line":9,"column":0},"end":{"line":82,"column":2}},"4":{"start":{"line":16,"column":4},"end":{"line":16,"column":19}},"5":{"start":{"line":23,"column":4},"end":{"line":23,"column":26}},"6":{"start":{"line":30,"column":4},"end":{"line":30,"column":28}},"7":{"start":{"line":37,"column":4},"end":{"line":37,"column":28}},"8":{"start":{"line":45,"column":4},"end":{"line":61,"column":6}},"9":{"start":{"line":47,"column":8},"end":{"line":60,"column":11}},"10":{"start":{"line":48,"column":12},"end":{"line":51,"column":13}},"11":{"start":{"line":49,"column":16},"end":{"line":49,"column":27}},"12":{"start":{"line":50,"column":16},"end":{"line":50,"column":23}},"13":{"start":{"line":53,"column":12},"end":{"line":59,"column":14}},"14":{"start":{"line":57,"column":20},"end":{"line":57,"column":31}},"15":{"start":{"line":68,"column":4},"end":{"line":81,"column":6}},"16":{"start":{"line":70,"column":8},"end":{"line":70,"column":50}},"17":{"start":{"line":72,"column":8},"end":{"line":76,"column":23}},"18":{"start":{"line":74,"column":16},"end":{"line":74,"column":49}},"19":{"start":{"line":78,"column":8},"end":{"line":78,"column":68}},"20":{"start":{"line":80,"column":8},"end":{"line":80,"column":29}}},"branchMap":{"1":{"line":48,"type":"if","locations":[{"start":{"line":48,"column":12},"end":{"line":48,"column":12}},{"start":{"line":48,"column":12},"end":{"line":48,"column":12}}]}}},"/Users/busfy/Documents/work/workspaces/bin/synchronizator/src/Synchronizator.js":{"path":"/Users/busfy/Documents/work/workspaces/bin/synchronizator/src/Synchronizator.js","s":{"1":0,"2":0,"3":0,"4":0,"5":0,"6":0,"7":0,"8":0,"9":0,"10":0,"11":0,"12":0,"13":0,"14":0,"15":0,"16":0,"17":0,"18":0,"19":0,"20":0,"21":0},"b":{"1":[0,0]},"f":{"1":0,"2":0,"3":0},"fnMap":{"1":{"name":"(anonymous_1)","line":11,"loc":{"start":{"line":11,"column":17},"end":{"line":12,"column":0}}},"2":{"name":"(anonymous_2)","line":45,"loc":{"start":{"line":45,"column":17},"end":{"line":46,"column":4}}},"3":{"name":"(anonymous_3)","line":65,"loc":{"start":{"line":65,"column":26},"end":{"line":66,"column":4}}}},"statementMap":{"1":{"start":{"line":1,"column":0},"end":{"line":1,"column":55}},"2":{"start":{"line":2,"column":0},"end":{"line":2,"column":47}},"3":{"start":{"line":3,"column":0},"end":{"line":3,"column":53}},"4":{"start":{"line":4,"column":0},"end":{"line":4,"column":51}},"5":{"start":{"line":11,"column":0},"end":{"line":78,"column":2}},"6":{"start":{"line":18,"column":4},"end":{"line":18,"column":19}},"7":{"start":{"line":25,"column":4},"end":{"line":25,"column":26}},"8":{"start":{"line":32,"column":4},"end":{"line":32,"column":28}},"9":{"start":{"line":39,"column":4},"end":{"line":39,"column":59}},"10":{"start":{"line":45,"column":4},"end":{"line":58,"column":6}},"11":{"start":{"line":47,"column":8},"end":{"line":57,"column":11}},"12":{"start":{"line":48,"column":12},"end":{"line":48,"column":79}},"13":{"start":{"line":50,"column":12},"end":{"line":56,"column":14}},"14":{"start":{"line":54,"column":20},"end":{"line":54,"column":50}},"15":{"start":{"line":65,"column":4},"end":{"line":75,"column":6}},"16":{"start":{"line":67,"column":8},"end":{"line":70,"column":9}},"17":{"start":{"line":68,"column":12},"end":{"line":68,"column":23}},"18":{"start":{"line":69,"column":12},"end":{"line":69,"column":19}},"19":{"start":{"line":72,"column":8},"end":{"line":74,"column":11}},"20":{"start":{"line":73,"column":12},"end":{"line":73,"column":23}},"21":{"start":{"line":77,"column":4},"end":{"line":77,"column":17}}},"branchMap":{"1":{"line":67,"type":"if","locations":[{"start":{"line":67,"column":8},"end":{"line":67,"column":8}},{"start":{"line":67,"column":8},"end":{"line":67,"column":8}}]}}}}