TN:
SF:/Users/busfy/Documents/work/workspaces/bin/synchronizator/src/options/Preparer.js
FN:8,(anonymous_1)
FN:34,(anonymous_2)
FNF:2
FNH:2
FNDA:1,(anonymous_1)
FNDA:18,(anonymous_2)
DA:1,1
DA:8,1
DA:15,1
DA:22,1
DA:34,1
DA:36,18
LF:6
LH:6
BRF:0
BRH:0
end_of_record
TN:
SF:/Users/busfy/Documents/work/workspaces/bin/synchronizator/src/action/Data.js
FN:6,(anonymous_1)
FN:35,(anonymous_2)
FN:45,(anonymous_3)
FNF:3
FNH:3
FNDA:15,(anonymous_1)
FNDA:8,(anonymous_2)
FNDA:8,(anonymous_3)
DA:6,1
DA:13,15
DA:20,15
DA:27,15
DA:35,15
DA:37,8
DA:45,15
DA:47,8
LF:8
LH:8
BRF:0
BRH:0
end_of_record
TN:
SF:/Users/busfy/Documents/work/workspaces/bin/synchronizator/src/action/Gatherer.js
FN:9,(anonymous_1)
FN:43,(anonymous_2)
FN:48,(anonymous_3)
FNF:3
FNH:0
FNDA:0,(anonymous_1)
FNDA:0,(anonymous_2)
FNDA:0,(anonymous_3)
DA:1,0
DA:2,0
DA:9,0
DA:16,0
DA:23,0
DA:30,0
DA:37,0
DA:43,0
DA:45,0
DA:49,0
DA:50,0
DA:57,0
DA:66,0
LF:13
LH:0
BRF:0
BRH:0
end_of_record
TN:
SF:/Users/busfy/Documents/work/workspaces/bin/synchronizator/src/action/Handler.js
FN:11,(anonymous_1)
FN:45,(anonymous_2)
FN:49,(anonymous_3)
FN:55,(anonymous_4)
FN:66,(anonymous_5)
FN:111,(anonymous_6)
FNF:6
FNH:0
FNDA:0,(anonymous_1)
FNDA:0,(anonymous_2)
FNDA:0,(anonymous_3)
FNDA:0,(anonymous_4)
FNDA:0,(anonymous_5)
FNDA:0,(anonymous_6)
DA:1,0
DA:2,0
DA:3,0
DA:4,0
DA:11,0
DA:18,0
DA:25,0
DA:32,0
DA:39,0
DA:45,0
DA:46,0
DA:48,0
DA:49,0
DA:50,0
DA:52,0
DA:55,0
DA:56,0
DA:66,0
DA:67,0
DA:69,0
DA:72,0
DA:79,0
DA:81,0
DA:84,0
DA:85,0
DA:87,0
DA:91,0
DA:92,0
DA:95,0
DA:96,0
DA:98,0
DA:101,0
DA:102,0
DA:111,0
DA:113,0
DA:116,0
LF:36
LH:0
BRDA:48,1,0,0
BRDA:48,1,1,0
BRDA:69,2,0,0
BRDA:69,2,1,0
BRDA:69,2,2,0
BRDA:69,2,3,0
BRDA:69,2,4,0
BRDA:69,2,5,0
BRDA:69,2,6,0
BRF:9
BRH:0
end_of_record
TN:
SF:/Users/busfy/Documents/work/workspaces/bin/synchronizator/src/sync/Manager.js
FN:9,(anonymous_1)
FN:45,(anonymous_2)
FN:68,(anonymous_3)
FNF:3
FNH:0
FNDA:0,(anonymous_1)
FNDA:0,(anonymous_2)
FNDA:0,(anonymous_3)
DA:1,0
DA:2,0
DA:9,0
DA:16,0
DA:23,0
DA:30,0
DA:37,0
DA:45,0
DA:47,0
DA:48,0
DA:49,0
DA:50,0
DA:53,0
DA:57,0
DA:68,0
DA:70,0
DA:72,0
DA:74,0
DA:78,0
DA:80,0
LF:20
LH:0
BRDA:48,1,0,0
BRDA:48,1,1,0
BRF:2
BRH:0
end_of_record
TN:
SF:/Users/busfy/Documents/work/workspaces/bin/synchronizator/src/Synchronizator.js
FN:11,(anonymous_1)
FN:45,(anonymous_2)
FN:65,(anonymous_3)
FNF:3
FNH:0
FNDA:0,(anonymous_1)
FNDA:0,(anonymous_2)
FNDA:0,(anonymous_3)
DA:1,0
DA:2,0
DA:3,0
DA:4,0
DA:11,0
DA:18,0
DA:25,0
DA:32,0
DA:39,0
DA:45,0
DA:47,0
DA:48,0
DA:50,0
DA:54,0
DA:65,0
DA:67,0
DA:68,0
DA:69,0
DA:72,0
DA:73,0
DA:77,0
LF:21
LH:0
BRDA:67,1,0,0
BRDA:67,1,1,0
BRF:2
BRH:0
end_of_record
